Compiled jquery.js  (45ms)  (pid 10349)
Compiled jquery_ujs.js  (0ms)  (pid 10349)
Compiled twitter/bootstrap/bootstrap-transition.js  (0ms)  (pid 10349)
Compiled twitter/bootstrap/bootstrap-alert.js  (0ms)  (pid 10349)
Compiled twitter/bootstrap/bootstrap-modal.js  (0ms)  (pid 10349)
Compiled twitter/bootstrap/bootstrap-dropdown.js  (0ms)  (pid 10349)
Compiled twitter/bootstrap/bootstrap-scrollspy.js  (0ms)  (pid 10349)
Compiled twitter/bootstrap/bootstrap-tab.js  (0ms)  (pid 10349)
Compiled twitter/bootstrap/bootstrap-tooltip.js  (0ms)  (pid 10349)
Compiled twitter/bootstrap/bootstrap-popover.js  (0ms)  (pid 10349)
Compiled twitter/bootstrap/bootstrap-button.js  (0ms)  (pid 10349)
Compiled twitter/bootstrap/bootstrap-collapse.js  (0ms)  (pid 10349)
Compiled twitter/bootstrap/bootstrap-carousel.js  (0ms)  (pid 10349)
Compiled twitter/bootstrap/bootstrap-typeahead.js  (0ms)  (pid 10349)
Compiled twitter/bootstrap/bootstrap-affix.js  (0ms)  (pid 10349)
Compiled twitter/bootstrap.js  (431ms)  (pid 10349)
Compiled bootstrap.js  (73ms)  (pid 10349)
Compiled data.js  (1ms)  (pid 10349)
Compiled devices.js  (1ms)  (pid 10349)
Compiled home.js  (1ms)  (pid 10349)
Compiled application.js  (773ms)  (pid 10349)
